Using pre-set license
Built from '2020.3/staging' branch; Version is '2020.3.25f1 (9b9180224418) revision 10195328'; Using compiler version '192528614'; Build Type 'Release'
OS: 'Windows 10  (10.0.19042) 64bit CoreSingleLanguage' Language: 'ko' Physical Memory: 16274 MB
BatchMode: 1, IsHumanControllingUs: 0, StartBugReporterOnCrash: 0, Is64bit: 1, IsPro: 0

COMMAND LINE ARGUMENTS:
C:\Program Files\Unity\Hub\Editor\2020.3.25f1\Editor\Unity.exe
-adb2
-batchMode
-noUpm
-name
AssetImportWorker0
-projectPath
C:/Users/Youngester/Desktop/3D_Unity_Portfolio/Unity_Portfolio/3D_Unity_Project
-logFile
Logs/AssetImportWorker0.log
-srvPort
11545
Successfully changed project path to: C:/Users/Youngester/Desktop/3D_Unity_Portfolio/Unity_Portfolio/3D_Unity_Project
C:/Users/Youngester/Desktop/3D_Unity_Portfolio/Unity_Portfolio/3D_Unity_Project
Using Asset Import Pipeline V2.
Refreshing native plugins compatible for Editor in 36.28 ms, found 2 plugins.
Preloading 0 native plugins for Editor in 0.00 ms.
Initialize engine version: 2020.3.25f1 (9b9180224418)
[Subsystems] Discovering subsystems at path C:/Program Files/Unity/Hub/Editor/2020.3.25f1/Editor/Data/Resources/UnitySubsystems
[Subsystems] Discovering subsystems at path C:/Users/Youngester/Desktop/3D_Unity_Portfolio/Unity_Portfolio/3D_Unity_Project/Assets
GfxDevice: creating device client; threaded=0
Direct3D:
    Version:  Direct3D 11.0 [level 11.1]
    Renderer: NVIDIA GeForce GTX 1650 SUPER (ID=0x2187)
    Vendor:   
    VRAM:     3955 MB
    Driver:   30.0.15.1277
Initialize mono
Mono path[0] = 'C:/Program Files/Unity/Hub/Editor/2020.3.25f1/Editor/Data/Managed'
Mono path[1] = 'C:/Program Files/Unity/Hub/Editor/2020.3.25f1/Editor/Data/MonoBleedingEdge/lib/mono/unityjit'
Mono config path = 'C:/Program Files/Unity/Hub/Editor/2020.3.25f1/Editor/Data/MonoBleedingEdge/etc'
Using monoOptions --debugger-agent=transport=dt_socket,embedding=1,server=y,suspend=n,address=127.0.0.1:56528
Begin MonoManager ReloadAssembly
Registering precompiled unity dll's ...
Register platform support module: C:/Program Files/Unity/Hub/Editor/2020.3.25f1/Editor/Data/PlaybackEngines/WindowsStandaloneSupport/UnityEditor.WindowsStandalone.Extensions.dll
Registered in 0.001687 seconds.
Native extension for WindowsStandalone target not found
Refreshing native plugins compatible for Editor in 35.38 ms, found 2 plugins.
Preloading 0 native plugins for Editor in 0.00 ms.
Mono: successfully reloaded assembly
- Completed reload, in  0.506 seconds
Domain Reload Profiling:
	ReloadAssembly (506ms)
		BeginReloadAssembly (51ms)
			ExecutionOrderSort (0ms)
			DisableScriptedObjects (0ms)
			BackupInstance (0ms)
			ReleaseScriptingObjects (0ms)
			CreateAndSetChildDomain (1ms)
		EndReloadAssembly (391ms)
			LoadAssemblies (49ms)
			RebuildTransferFunctionScriptingTraits (0ms)
			SetupTypeCache (121ms)
			ReleaseScriptCaches (0ms)
			RebuildScriptCaches (32ms)
			SetupLoadedEditorAssemblies (148ms)
				LogAssemblyErrors (0ms)
				InitializePlatformSupportModulesInManaged (5ms)
				SetLoadedEditorAssemblies (0ms)
				RefreshPlugins (35ms)
				BeforeProcessingInitializeOnLoad (14ms)
				ProcessInitializeOnLoadAttributes (69ms)
				ProcessInitializeOnLoadMethodAttributes (24ms)
				AfterProcessingInitializeOnLoad (0ms)
				EditorAssembliesLoaded (0ms)
			ExecutionOrderSort2 (0ms)
			AwakeInstancesAfterBackupRestoration (0ms)
Platform modules already initialized, skipping
Registering precompiled user dll's ...
Registered in 0.004132 seconds.
Begin MonoManager ReloadAssembly
Native extension for WindowsStandalone target not found
Refreshing native plugins compatible for Editor in 0.41 ms, found 2 plugins.
Preloading 0 native plugins for Editor in 0.00 ms.
Mono: successfully reloaded assembly
- Completed reload, in  0.910 seconds
Domain Reload Profiling:
	ReloadAssembly (911ms)
		BeginReloadAssembly (127ms)
			ExecutionOrderSort (0ms)
			DisableScriptedObjects (4ms)
			BackupInstance (0ms)
			ReleaseScriptingObjects (0ms)
			CreateAndSetChildDomain (16ms)
		EndReloadAssembly (729ms)
			LoadAssemblies (80ms)
			RebuildTransferFunctionScriptingTraits (0ms)
			SetupTypeCache (237ms)
			ReleaseScriptCaches (0ms)
			RebuildScriptCaches (52ms)
			SetupLoadedEditorAssemblies (289ms)
				LogAssemblyErrors (0ms)
				InitializePlatformSupportModulesInManaged (4ms)
				SetLoadedEditorAssemblies (0ms)
				RefreshPlugins (1ms)
				BeforeProcessingInitializeOnLoad (75ms)
				ProcessInitializeOnLoadAttributes (196ms)
				ProcessInitializeOnLoadMethodAttributes (8ms)
				AfterProcessingInitializeOnLoad (5ms)
				EditorAssembliesLoaded (0ms)
			ExecutionOrderSort2 (0ms)
			AwakeInstancesAfterBackupRestoration (6ms)
Platform modules already initialized, skipping
========================================================================
Worker process is ready to serve import requests
Launched and connected shader compiler UnityShaderCompiler.exe after 0.04 seconds
Refreshing native plugins compatible for Editor in 0.42 ms, found 2 plugins.
Preloading 0 native plugins for Editor in 0.00 ms.
Unloading 1760 Unused Serialized files (Serialized files now loaded: 0)
System memory in use before: 85.6 MB.
System memory in use after: 85.7 MB.

Unloading 20 unused Assets to reduce memory usage. Loaded Objects now: 2201.
Total: 2.508800 ms (FindLiveObjects: 0.125900 ms CreateObjectMapping: 0.039800 ms MarkObjects: 2.295700 ms  DeleteObjects: 0.046600 ms)

AssetImportParameters requested are different than current active one (requested -> active):
  custom:framework-win-MediaFoundation: 216162199b28c13a410421893ffa2e32 -> 
  custom:video-decoder-ogg-theora: a1e56fd34408186e4bbccfd4996cb3dc -> 
  custom:container-muxer-webm: aa71ff27fc2769a1b78a27578f13a17b -> 
  custom:container-demuxer-webm: 4f35f7cbe854078d1ac9338744f61a02 -> 
  custom:container-demuxer-ogg: 62fdf1f143b41e24485cea50d1cbac27 -> 
  custom:video-encoder-webm-vp8: eb34c28f22e8b96e1ab97ce403110664 -> 
  custom:video-decoder-webm-vp8: 9c59270c3fd7afecdb556c50c9e8de78 -> 
  custom:audio-decoder-ogg-vorbis: bf7c407c2cedff20999df2af8eb42d56 -> 
  custom:audio-encoder-webm-vorbis: bf7c407c2cedff20999df2af8eb42d56 -> 
========================================================================
Received Import Request.
  path: Assets/External Asset/Cartoon_Farm_Crops
  artifactKey: Guid(bf85616a4c92553498a09666ac5f3024) Importer(815301076,1909f56bfc062723c751e8b465ee728b)
Start importing Assets/External Asset/Cartoon_Farm_Crops using Guid(bf85616a4c92553498a09666ac5f3024) Importer(815301076,1909f56bfc062723c751e8b465ee728b)  -> (artifact id: 'c0ed469e2c7bcbe6ca601ac7b52a2f6d') in 0.004260 seconds 
  Import took 0.007637 seconds .

========================================================================
Received Import Request.
  Time since last request: 2.051025 seconds.
  path: Assets/External Asset/SimpleNaturePack/Textures
  artifactKey: Guid(2d44b6cffc02046488649c55d0f4d79e) Importer(815301076,1909f56bfc062723c751e8b465ee728b)
Start importing Assets/External Asset/SimpleNaturePack/Textures using Guid(2d44b6cffc02046488649c55d0f4d79e) Importer(815301076,1909f56bfc062723c751e8b465ee728b)  -> (artifact id: '1f4be1b1f9995252c20895ec8bcdabda') in 0.001654 seconds 
  Import took 0.004041 seconds .

========================================================================
Received Import Request.
  Time since last request: 0.426196 seconds.
  path: Assets/External Asset/SimpleNaturePack/SimpleNaturePack_HDRP_2018.4_v1.22.unitypackage
  artifactKey: Guid(3b4dc5f685f8edc4bbba6fb0c8ea39ba) Importer(815301076,1909f56bfc062723c751e8b465ee728b)
Start importing Assets/External Asset/SimpleNaturePack/SimpleNaturePack_HDRP_2018.4_v1.22.unitypackage using Guid(3b4dc5f685f8edc4bbba6fb0c8ea39ba) Importer(815301076,1909f56bfc062723c751e8b465ee728b)  -> (artifact id: '593115747065b6f47294ac0bb971bb9a') in 0.027576 seconds 
  Import took 0.030152 seconds .

========================================================================
Received Import Request.
  Time since last request: 9.924176 seconds.
  path: Assets/External Asset/SimpleNaturePack/Materials
  artifactKey: Guid(3f25702c5c7afec41b85b074bf76e4a4) Importer(815301076,1909f56bfc062723c751e8b465ee728b)
Start importing Assets/External Asset/SimpleNaturePack/Materials using Guid(3f25702c5c7afec41b85b074bf76e4a4) Importer(815301076,1909f56bfc062723c751e8b465ee728b)  -> (artifact id: '1fa16baa5f52896da1784257f7bdc8f5') in 0.001851 seconds 
  Import took 0.004370 seconds .

========================================================================
Received Import Request.
  Time since last request: 1.520119 seconds.
  path: Assets/External Asset/SimpleNaturePack/Models
  artifactKey: Guid(f2460ba6bbb1eee41b63499dcba676dc) Importer(815301076,1909f56bfc062723c751e8b465ee728b)
Start importing Assets/External Asset/SimpleNaturePack/Models using Guid(f2460ba6bbb1eee41b63499dcba676dc) Importer(815301076,1909f56bfc062723c751e8b465ee728b)  -> (artifact id: '1ce4a79d7ca93a527dae89e3f40e776b') in 0.002044 seconds 
  Import took 0.005747 seconds .

========================================================================
Received Import Request.
  Time since last request: 3.416036 seconds.
  path: Assets/External Asset/SimpleNaturePack/Models/Grass_02.fbx
  artifactKey: Guid(638dc165572d2a84081d13ce1afb4d52) Importer(815301076,1909f56bfc062723c751e8b465ee728b)
Start importing Assets/External Asset/SimpleNaturePack/Models/Grass_02.fbx using Guid(638dc165572d2a84081d13ce1afb4d52) Importer(815301076,1909f56bfc062723c751e8b465ee728b)  -> (artifact id: '656340cf9e1493a73c3c1d650014b3ce') in 0.179958 seconds 
  Import took 0.182984 seconds .

========================================================================
Received Import Request.
  Time since last request: 0.167568 seconds.
  path: Assets/External Asset/SimpleNaturePack/Models/Ground_03.fbx
  artifactKey: Guid(661464e19c087564badb2bf5230c842c) Importer(815301076,1909f56bfc062723c751e8b465ee728b)
Start importing Assets/External Asset/SimpleNaturePack/Models/Ground_03.fbx using Guid(661464e19c087564badb2bf5230c842c) Importer(815301076,1909f56bfc062723c751e8b465ee728b)  -> (artifact id: 'fcf941c5632b911409c1779614403b84') in 0.012441 seconds 
  Import took 0.015049 seconds .

========================================================================
Received Import Request.
  Time since last request: 0.347818 seconds.
  path: Assets/External Asset/SimpleNaturePack/Models/Rock_02.fbx
  artifactKey: Guid(3a775dc2c1a334b45a5667a56fe92c23) Importer(815301076,1909f56bfc062723c751e8b465ee728b)
Start importing Assets/External Asset/SimpleNaturePack/Models/Rock_02.fbx using Guid(3a775dc2c1a334b45a5667a56fe92c23) Importer(815301076,1909f56bfc062723c751e8b465ee728b)  -> (artifact id: '4be8621b3079f826b1f292d16f88ea4e') in 0.012691 seconds 
  Import took 0.016231 seconds .

========================================================================
Received Import Request.
  Time since last request: 0.402665 seconds.
  path: Assets/External Asset/SimpleNaturePack/Models/Stump_01.fbx
  artifactKey: Guid(768be665aba8b4e4aae7a973ae9616cf) Importer(815301076,1909f56bfc062723c751e8b465ee728b)
Start importing Assets/External Asset/SimpleNaturePack/Models/Stump_01.fbx using Guid(768be665aba8b4e4aae7a973ae9616cf) Importer(815301076,1909f56bfc062723c751e8b465ee728b)  -> (artifact id: '1d2493021781a7bf5d7c820db3f2db7c') in 0.013679 seconds 
  Import took 0.018019 seconds .

========================================================================
Received Import Request.
  Time since last request: 0.324604 seconds.
  path: Assets/External Asset/SimpleNaturePack/Models/Tree_03.fbx
  artifactKey: Guid(69f0af3a0a6c73b4ab4b89eb82cdc488) Importer(815301076,1909f56bfc062723c751e8b465ee728b)
Start importing Assets/External Asset/SimpleNaturePack/Models/Tree_03.fbx using Guid(69f0af3a0a6c73b4ab4b89eb82cdc488) Importer(815301076,1909f56bfc062723c751e8b465ee728b)  -> (artifact id: 'e750c0c8acea451f7d27c33cd969f00f') in 0.014177 seconds 
  Import took 0.018165 seconds .

========================================================================
Received Import Request.
  Time since last request: 2.161721 seconds.
  path: Assets/External Asset/SimpleNaturePack/Models/Mushroom_01.fbx
  artifactKey: Guid(d062f5c56ffb55c4f832432ada269abe) Importer(815301076,1909f56bfc062723c751e8b465ee728b)
Start importing Assets/External Asset/SimpleNaturePack/Models/Mushroom_01.fbx using Guid(d062f5c56ffb55c4f832432ada269abe) Importer(815301076,1909f56bfc062723c751e8b465ee728b)  -> (artifact id: '4ce4908675f3556d1b33d107b69d7ce9') in 0.015559 seconds 
  Import took 0.019310 seconds .

========================================================================
Received Import Request.
  Time since last request: 1.926564 seconds.
  path: Assets/External Asset/SimpleNaturePack/Models/Ground_01.fbx
  artifactKey: Guid(d4ad967689295ba4eaf8baeaebc8721b) Importer(815301076,1909f56bfc062723c751e8b465ee728b)
Start importing Assets/External Asset/SimpleNaturePack/Models/Ground_01.fbx using Guid(d4ad967689295ba4eaf8baeaebc8721b) Importer(815301076,1909f56bfc062723c751e8b465ee728b)  -> (artifact id: '7c48c3af5391f722d3409678b9a4aa22') in 0.011687 seconds 
  Import took 0.014590 seconds .

========================================================================
Received Import Request.
  Time since last request: 4.864545 seconds.
  path: Assets/External Asset/SimpleNaturePack/Models/Flowers_02.fbx
  artifactKey: Guid(8ea980fdc4aa5e749b000c1a0d4b9bbc) Importer(815301076,1909f56bfc062723c751e8b465ee728b)
Start importing Assets/External Asset/SimpleNaturePack/Models/Flowers_02.fbx using Guid(8ea980fdc4aa5e749b000c1a0d4b9bbc) Importer(815301076,1909f56bfc062723c751e8b465ee728b)  -> (artifact id: '6955da0b5d4d728e1f093b1d2f6b423e') in 0.011255 seconds 
  Import took 0.014751 seconds .

========================================================================
Received Import Request.
  Time since last request: 178.412620 seconds.
  path: Assets/External Asset/SimpleNaturePack/Scenes/PostProcessing
  artifactKey: Guid(0bcd04f45442cb246bbd9280c0ac6cd2) Importer(815301076,1909f56bfc062723c751e8b465ee728b)
Start importing Assets/External Asset/SimpleNaturePack/Scenes/PostProcessing using Guid(0bcd04f45442cb246bbd9280c0ac6cd2) Importer(815301076,1909f56bfc062723c751e8b465ee728b)  -> (artifact id: 'de66a541dbd73291d87d232fd41a6a83') in 0.002509 seconds 
  Import took 0.006272 seconds .

========================================================================
Received Import Request.
  Time since last request: 5.183689 seconds.
  path: Assets/External Asset/SimpleNaturePack/Scenes/SimpleNaturePack_Overview.unity
  artifactKey: Guid(b818941d93326b949a3840a1d79ea88f) Importer(815301076,1909f56bfc062723c751e8b465ee728b)
Start importing Assets/External Asset/SimpleNaturePack/Scenes/SimpleNaturePack_Overview.unity using Guid(b818941d93326b949a3840a1d79ea88f) Importer(815301076,1909f56bfc062723c751e8b465ee728b)  -> (artifact id: '3a73569ecdf2c6131caafc1c8744bd81') in 0.002514 seconds 
  Import took 0.005145 seconds .

========================================================================
Received Import Request.
  Time since last request: 0.488917 seconds.
  path: Assets/External Asset/SimpleNaturePack/Scenes/SimpleNaturePack_Demo.unity
  artifactKey: Guid(5e7af4bd95ac53a4cb784a9eedf8f6f9) Importer(815301076,1909f56bfc062723c751e8b465ee728b)
Start importing Assets/External Asset/SimpleNaturePack/Scenes/SimpleNaturePack_Demo.unity using Guid(5e7af4bd95ac53a4cb784a9eedf8f6f9) Importer(815301076,1909f56bfc062723c751e8b465ee728b)  -> (artifact id: '76e0b266c5fc1009f5cddbc8dc62a154') in 0.002490 seconds 
  Import took 0.006121 seconds .

========================================================================
Received Import Request.
  Time since last request: 22.944635 seconds.
  path: Assets/External Asset/Standard Assets/Effects
  artifactKey: Guid(f79557cb65d9db445ac30efb1d5c2a28) Importer(815301076,1909f56bfc062723c751e8b465ee728b)
Start importing Assets/External Asset/Standard Assets/Effects using Guid(f79557cb65d9db445ac30efb1d5c2a28) Importer(815301076,1909f56bfc062723c751e8b465ee728b)  -> (artifact id: '1e6bc7a1f8949ef5a2773bb738ca73e8') in 0.002394 seconds 
  Import took 0.005062 seconds .

========================================================================
Received Import Request.
  Time since last request: 0.928085 seconds.
  path: Assets/External Asset/Standard Assets/Effects/ToonShading
  artifactKey: Guid(d99208aefefdd3545bb304ab5cbd0087) Importer(815301076,1909f56bfc062723c751e8b465ee728b)
Start importing Assets/External Asset/Standard Assets/Effects/ToonShading using Guid(d99208aefefdd3545bb304ab5cbd0087) Importer(815301076,1909f56bfc062723c751e8b465ee728b)  -> (artifact id: 'c5fcd7f04fb0226ae3acd3df72ebab28') in 0.002323 seconds 
  Import took 0.004956 seconds .

========================================================================
Received Import Request.
  Time since last request: 1.589730 seconds.
  path: Assets/External Asset/Standard Assets/Effects/ToonShading/Materials
  artifactKey: Guid(280da6451a1e556438ce789a0d7e1f65) Importer(815301076,1909f56bfc062723c751e8b465ee728b)
Start importing Assets/External Asset/Standard Assets/Effects/ToonShading/Materials using Guid(280da6451a1e556438ce789a0d7e1f65) Importer(815301076,1909f56bfc062723c751e8b465ee728b)  -> (artifact id: 'bc056d82e48c6c742bc2f48fa7d5c751') in 0.002265 seconds 
  Import took 0.004858 seconds .

========================================================================
Received Import Request.
  Time since last request: 1.042322 seconds.
  path: Assets/External Asset/Standard Assets/Effects/ToonShading/Textures/ToonLit.psd
  artifactKey: Guid(b995d4bd9d11078d11005b9844295342) Importer(815301076,1909f56bfc062723c751e8b465ee728b)
Start importing Assets/External Asset/Standard Assets/Effects/ToonShading/Textures/ToonLit.psd using Guid(b995d4bd9d11078d11005b9844295342) Importer(815301076,1909f56bfc062723c751e8b465ee728b)  -> (artifact id: '2636298bde8a88b633326bbc66ccdc19') in 0.028467 seconds 
  Import took 0.031833 seconds .

========================================================================
Received Import Request.
  Time since last request: 1.168651 seconds.
  path: Assets/External Asset/Standard Assets/Effects/ToonShading/Textures/UtilToonGradient.png
  artifactKey: Guid(4a056241e2722dc46a7262a8e7073fd9) Importer(815301076,1909f56bfc062723c751e8b465ee728b)
Start importing Assets/External Asset/Standard Assets/Effects/ToonShading/Textures/UtilToonGradient.png using Guid(4a056241e2722dc46a7262a8e7073fd9) Importer(815301076,1909f56bfc062723c751e8b465ee728b)  -> (artifact id: '9088fe759772ed7a15bc2b4eaec5ea31') in 0.014728 seconds 
  Import took 0.020941 seconds .

========================================================================
Received Import Request.
  Time since last request: 10.177473 seconds.
  path: Assets/External Asset/Suriyun/URP_Upgrade/URP_Upgrade Cute Pet Zoo Plus+ 20210809.unitypackage
  artifactKey: Guid(3903200722ad64e64abc8ac54e147973) Importer(815301076,1909f56bfc062723c751e8b465ee728b)
Start importing Assets/External Asset/Suriyun/URP_Upgrade/URP_Upgrade Cute Pet Zoo Plus+ 20210809.unitypackage using Guid(3903200722ad64e64abc8ac54e147973) Importer(815301076,1909f56bfc062723c751e8b465ee728b)  -> (artifact id: '29beb10e3f63cd007b8ac2776d457f06') in 0.002744 seconds 
  Import took 0.006426 seconds .

========================================================================
Received Import Request.
  Time since last request: 233.083164 seconds.
  path: Assets/External Asset/WoodenFence/Textures/Fence_A2_Albedo.png
  artifactKey: Guid(7d947842fd7430c41b008b87768db062) Importer(815301076,1909f56bfc062723c751e8b465ee728b)
Start importing Assets/External Asset/WoodenFence/Textures/Fence_A2_Albedo.png using Guid(7d947842fd7430c41b008b87768db062) Importer(815301076,1909f56bfc062723c751e8b465ee728b)  -> (artifact id: '94595a0623f7176176ab0c7595a8fdc0') in 0.023649 seconds 
  Import took 0.026329 seconds .

========================================================================
Received Import Request.
  Time since last request: 1.555406 seconds.
  path: Assets/External Asset/WoodenFence/Textures/Fence_A_Albedo.png
  artifactKey: Guid(399f6e4860eefd947a55356b2bb2d784) Importer(815301076,1909f56bfc062723c751e8b465ee728b)
Start importing Assets/External Asset/WoodenFence/Textures/Fence_A_Albedo.png using Guid(399f6e4860eefd947a55356b2bb2d784) Importer(815301076,1909f56bfc062723c751e8b465ee728b)  -> (artifact id: '9787ba23af751c5fa4159d90f37dabc7') in 0.018411 seconds 
  Import took 0.022042 seconds .

========================================================================
Received Import Request.
  Time since last request: 48.083793 seconds.
  path: Assets/External Asset/WoodenFence/Textures/Fence_BD_Albedo.png
  artifactKey: Guid(60a04e65c0fa36b4d8cdc838404284a1) Importer(815301076,1909f56bfc062723c751e8b465ee728b)
Start importing Assets/External Asset/WoodenFence/Textures/Fence_BD_Albedo.png using Guid(60a04e65c0fa36b4d8cdc838404284a1) Importer(815301076,1909f56bfc062723c751e8b465ee728b)  -> (artifact id: '779cc127c66e3e137f62f750e976646d') in 0.024299 seconds 
  Import took 0.027968 seconds .

========================================================================
Received Import Request.
  Time since last request: 5.201432 seconds.
  path: Assets/External Asset/WoodenFence/Textures/Fence_C2_Albedo.png
  artifactKey: Guid(6049f897688a0f34890fea91449bf767) Importer(815301076,1909f56bfc062723c751e8b465ee728b)
Start importing Assets/External Asset/WoodenFence/Textures/Fence_C2_Albedo.png using Guid(6049f897688a0f34890fea91449bf767) Importer(815301076,1909f56bfc062723c751e8b465ee728b)  -> (artifact id: '34e78ff14b1f742901ab154bfd00beb5') in 0.026310 seconds 
  Import took 0.028915 seconds .

========================================================================
Received Import Request.
  Time since last request: 1.921592 seconds.
  path: Assets/External Asset/WoodenFence/Textures/Fence_CD_Albedo.png
  artifactKey: Guid(14d53e93486b6e24fb3e6241d2df3492) Importer(815301076,1909f56bfc062723c751e8b465ee728b)
Start importing Assets/External Asset/WoodenFence/Textures/Fence_CD_Albedo.png using Guid(14d53e93486b6e24fb3e6241d2df3492) Importer(815301076,1909f56bfc062723c751e8b465ee728b)  -> (artifact id: 'f38c5e55d31e863458fcb26b1caf20d8') in 0.019314 seconds 
  Import took 0.021983 seconds .

========================================================================
Received Import Request.
  Time since last request: 123.163313 seconds.
  path: Assets/External Asset/WoodenFence/Objects/Fence_C.fbx
  artifactKey: Guid(ce9a4c1f98792ec45b3fcd51063a0e09) Importer(815301076,1909f56bfc062723c751e8b465ee728b)
Start importing Assets/External Asset/WoodenFence/Objects/Fence_C.fbx using Guid(ce9a4c1f98792ec45b3fcd51063a0e09) Importer(815301076,1909f56bfc062723c751e8b465ee728b)  -> (artifact id: 'a89de2fb212d811b6614322a183690cb') in 0.049414 seconds 
  Import took 0.052022 seconds .

========================================================================
Received Import Request.
  Time since last request: 34.546664 seconds.
  path: Assets/Font/NEXON Lv1 Gothic_TTF/NEXONLv1GothicLight.ttf
  artifactKey: Guid(ed20a3af3ce9bc94aa8a9b0c24b832c3) Importer(815301076,1909f56bfc062723c751e8b465ee728b)
Start importing Assets/Font/NEXON Lv1 Gothic_TTF/NEXONLv1GothicLight.ttf using Guid(ed20a3af3ce9bc94aa8a9b0c24b832c3) Importer(815301076,1909f56bfc062723c751e8b465ee728b)  -> (artifact id: '581b6dc6dff50770b902f92d6de5a1cc') in 0.027156 seconds 
  Import took 0.029842 seconds .

========================================================================
Received Import Request.
  Time since last request: 11.914570 seconds.
  path: Assets/Resources/Animation/TypeA/TypeA_atk.controller
  artifactKey: Guid(b44d55d3a669d654498cc4a4b05655ea) Importer(815301076,1909f56bfc062723c751e8b465ee728b)
Start importing Assets/Resources/Animation/TypeA/TypeA_atk.controller using Guid(b44d55d3a669d654498cc4a4b05655ea) Importer(815301076,1909f56bfc062723c751e8b465ee728b)  -> (artifact id: '12760ec24560af11d82fb7a57d62e0d8') in 0.029020 seconds 
  Import took 0.031870 seconds .

========================================================================
Received Import Request.
  Time since last request: 6.935552 seconds.
  path: Assets/Resources/Animation/TypeA/TypeA_buf.controller
  artifactKey: Guid(ec67ae173cb11b24ca70a13a22997a1f) Importer(815301076,1909f56bfc062723c751e8b465ee728b)
Start importing Assets/Resources/Animation/TypeA/TypeA_buf.controller using Guid(ec67ae173cb11b24ca70a13a22997a1f) Importer(815301076,1909f56bfc062723c751e8b465ee728b)  -> (artifact id: '416db2afc2b0f34900ce8772ede24a0f') in 0.026689 seconds 
  Import took 0.030581 seconds .

========================================================================
Received Import Request.
  Time since last request: 28.853842 seconds.
  path: Assets/Resources/Animation/UI/TalkBox.controller
  artifactKey: Guid(2a4e2fdcc82b58448ba33425c3f99bce) Importer(815301076,1909f56bfc062723c751e8b465ee728b)
Start importing Assets/Resources/Animation/UI/TalkBox.controller using Guid(2a4e2fdcc82b58448ba33425c3f99bce) Importer(815301076,1909f56bfc062723c751e8b465ee728b)  -> (artifact id: '6379e4b5310b099d4423efa17b4b6fd4') in 0.003446 seconds 
  Import took 0.006949 seconds .

========================================================================
Received Import Request.
  Time since last request: 1.170107 seconds.
  path: Assets/Resources/Animation/UI/TalkHide.anim
  artifactKey: Guid(a1ff0816930204b43a341cd22345d4e5) Importer(815301076,1909f56bfc062723c751e8b465ee728b)
Start importing Assets/Resources/Animation/UI/TalkHide.anim using Guid(a1ff0816930204b43a341cd22345d4e5) Importer(815301076,1909f56bfc062723c751e8b465ee728b)  -> (artifact id: '229ee8e9b0739e71926e3938353a1c61') in 0.005378 seconds 
  Import took 0.008041 seconds .

========================================================================
Received Import Request.
  Time since last request: 0.377147 seconds.
  path: Assets/Resources/Animation/UI/TalkShow.anim
  artifactKey: Guid(a66f1e236bc91ba47b660d654b6156b9) Importer(815301076,1909f56bfc062723c751e8b465ee728b)
Start importing Assets/Resources/Animation/UI/TalkShow.anim using Guid(a66f1e236bc91ba47b660d654b6156b9) Importer(815301076,1909f56bfc062723c751e8b465ee728b)  -> (artifact id: '1f1ba02e2bae81d8dc5ed570bafbe1bc') in 0.002586 seconds 
  Import took 0.005525 seconds .

========================================================================
Received Import Request.
  Time since last request: 3.527666 seconds.
  path: Assets/Resources/Animation/UI/Fade In.anim
  artifactKey: Guid(0c5631a5a6818d649b3c1c27cca3b40b) Importer(815301076,1909f56bfc062723c751e8b465ee728b)
Start importing Assets/Resources/Animation/UI/Fade In.anim using Guid(0c5631a5a6818d649b3c1c27cca3b40b) Importer(815301076,1909f56bfc062723c751e8b465ee728b)  -> (artifact id: 'caf23a3d396b9076279fac43affd26a9') in 0.003012 seconds 
  Import took 0.006155 seconds .

========================================================================
Received Import Request.
  Time since last request: 17.378097 seconds.
  path: Assets/External Asset/Suriyun/Cute Pet/Texture/Hippo_A.png
  artifactKey: Guid(b2cc9d8df77a04a43bc51425af369970) Importer(815301076,1909f56bfc062723c751e8b465ee728b)
Start importing Assets/External Asset/Suriyun/Cute Pet/Texture/Hippo_A.png using Guid(b2cc9d8df77a04a43bc51425af369970) Importer(815301076,1909f56bfc062723c751e8b465ee728b)  -> (artifact id: '6d5184b211ebd6429a24cb5a0443daa2') in 0.068289 seconds 
  Import took 0.072215 seconds .

========================================================================
Received Import Request.
  Time since last request: 0.000208 seconds.
  path: Assets/External Asset/Suriyun/Cute Pet/UnityChanShader/Texture/FO_SKIN1.tga
  artifactKey: Guid(a1d5b2277eb3f6245900378e6fa97575) Importer(815301076,1909f56bfc062723c751e8b465ee728b)
Start importing Assets/External Asset/Suriyun/Cute Pet/UnityChanShader/Texture/FO_SKIN1.tga using Guid(a1d5b2277eb3f6245900378e6fa97575) Importer(815301076,1909f56bfc062723c751e8b465ee728b)  -> (artifact id: '34cf1fe87e67c707090e57062a550cee') in 0.011060 seconds 
  Import took 0.013696 seconds .

========================================================================
Received Import Request.
  Time since last request: 0.000200 seconds.
  path: Assets/External Asset/Suriyun/Cute Pet/UnityChanShader/Texture/FO_CLOTH1.tga
  artifactKey: Guid(cc8f70f2ec571e9478efa98c041cde7b) Importer(815301076,1909f56bfc062723c751e8b465ee728b)
Start importing Assets/External Asset/Suriyun/Cute Pet/UnityChanShader/Texture/FO_CLOTH1.tga using Guid(cc8f70f2ec571e9478efa98c041cde7b) Importer(815301076,1909f56bfc062723c751e8b465ee728b)  -> (artifact id: '1893d9ff1ba36ca0aae5fe4116fedf74') in 0.005494 seconds 
  Import took 0.008806 seconds .

========================================================================
Received Import Request.
  Time since last request: 0.448132 seconds.
  path: Assets/External Asset/Suriyun/Cute Pet/Texture/Horse_A.png
  artifactKey: Guid(85d20b2264f60a64db9d973dfad45d36) Importer(815301076,1909f56bfc062723c751e8b465ee728b)
Start importing Assets/External Asset/Suriyun/Cute Pet/Texture/Horse_A.png using Guid(85d20b2264f60a64db9d973dfad45d36) Importer(815301076,1909f56bfc062723c751e8b465ee728b)  -> (artifact id: 'e2231f284c019c76e8977b5ff3a99020') in 0.049848 seconds 
  Import took 0.053658 seconds .

========================================================================
Received Import Request.
  Time since last request: 84.359932 seconds.
  path: Assets/External Asset/Suriyun/Cute Pet/Texture/Giraffe_A.png
  artifactKey: Guid(52a30e84de3d72542a2db1eb249e5745) Importer(815301076,1909f56bfc062723c751e8b465ee728b)
Start importing Assets/External Asset/Suriyun/Cute Pet/Texture/Giraffe_A.png using Guid(52a30e84de3d72542a2db1eb249e5745) Importer(815301076,1909f56bfc062723c751e8b465ee728b)  -> (artifact id: 'bf62d1dd3f44f8a6db5392434f53cc57') in 0.054457 seconds 
  Import took 0.057250 seconds .

========================================================================
Received Import Request.
  Time since last request: 21.316063 seconds.
  path: Assets/External Asset/Suriyun/Cute Pet/Texture/Goat_A.png
  artifactKey: Guid(40170359309b31340a049d04efee4f8a) Importer(815301076,1909f56bfc062723c751e8b465ee728b)
Start importing Assets/External Asset/Suriyun/Cute Pet/Texture/Goat_A.png using Guid(40170359309b31340a049d04efee4f8a) Importer(815301076,1909f56bfc062723c751e8b465ee728b)  -> (artifact id: '5828ea1a74da74174d93efc436c40d59') in 0.049993 seconds 
  Import took 0.052659 seconds .

========================================================================
Received Import Request.
  Time since last request: 51.500350 seconds.
  path: Assets/External Asset/Suriyun/Cute Pet/Texture/Elephant_B.png
  artifactKey: Guid(047150b577a6c2543b3ec5a3ac027b63) Importer(815301076,1909f56bfc062723c751e8b465ee728b)
Start importing Assets/External Asset/Suriyun/Cute Pet/Texture/Elephant_B.png using Guid(047150b577a6c2543b3ec5a3ac027b63) Importer(815301076,1909f56bfc062723c751e8b465ee728b)  -> (artifact id: '72b0151283a90daa3e1c1ef35e420c34') in 0.049533 seconds 
  Import took 0.052576 seconds .

========================================================================
Received Import Request.
  Time since last request: 8.621021 seconds.
  path: Assets/External Asset/Suriyun/Cute Pet/Texture/Rabbit_B.png
  artifactKey: Guid(b520925fcfa16d544953c7a41db5d45a) Importer(815301076,1909f56bfc062723c751e8b465ee728b)
Start importing Assets/External Asset/Suriyun/Cute Pet/Texture/Rabbit_B.png using Guid(b520925fcfa16d544953c7a41db5d45a) Importer(815301076,1909f56bfc062723c751e8b465ee728b)  -> (artifact id: '76104faaf6681bc2d322fb35430089a3') in 0.047091 seconds 
  Import took 0.050036 seconds .

========================================================================
Received Import Request.
  Time since last request: 1.259950 seconds.
  path: Assets/External Asset/Suriyun/Cute Pet/Texture/Rabbit_A.png
  artifactKey: Guid(3f7536faed610f64f9bd86cadc98c9d3) Importer(815301076,1909f56bfc062723c751e8b465ee728b)
Start importing Assets/External Asset/Suriyun/Cute Pet/Texture/Rabbit_A.png using Guid(3f7536faed610f64f9bd86cadc98c9d3) Importer(815301076,1909f56bfc062723c751e8b465ee728b)  -> (artifact id: '12394ea15d05de7a35e779ea661ad450') in 0.051365 seconds 
  Import took 0.055036 seconds .

========================================================================
Received Import Request.
  Time since last request: 5.567953 seconds.
  path: Assets/External Asset/Suriyun/Cute Pet/Texture/Duck_B.png
  artifactKey: Guid(6731261234a7b6c4792b0d4e483f9f31) Importer(815301076,1909f56bfc062723c751e8b465ee728b)
Start importing Assets/External Asset/Suriyun/Cute Pet/Texture/Duck_B.png using Guid(6731261234a7b6c4792b0d4e483f9f31) Importer(815301076,1909f56bfc062723c751e8b465ee728b)  -> (artifact id: '06f4e46c0d994eb14fa329a642efd6f3') in 0.050353 seconds 
  Import took 0.054419 seconds .

========================================================================
Received Import Request.
  Time since last request: 0.655173 seconds.
  path: Assets/External Asset/Suriyun/Cute Pet/Texture/Duck_A.png
  artifactKey: Guid(3b13e7ea6f89f484b944f5afe1c6e782) Importer(815301076,1909f56bfc062723c751e8b465ee728b)
Start importing Assets/External Asset/Suriyun/Cute Pet/Texture/Duck_A.png using Guid(3b13e7ea6f89f484b944f5afe1c6e782) Importer(815301076,1909f56bfc062723c751e8b465ee728b)  -> (artifact id: '61368cfbbb8bb874246409379f3c3a4d') in 0.047617 seconds 
  Import took 0.050291 seconds .

========================================================================
Received Import Request.
  Time since last request: 2.453262 seconds.
  path: Assets/External Asset/Suriyun/Cute Pet/Texture/Dog_A.png
  artifactKey: Guid(3116dc0e6960fd949ab05cd37bbd388a) Importer(815301076,1909f56bfc062723c751e8b465ee728b)
Start importing Assets/External Asset/Suriyun/Cute Pet/Texture/Dog_A.png using Guid(3116dc0e6960fd949ab05cd37bbd388a) Importer(815301076,1909f56bfc062723c751e8b465ee728b)  -> (artifact id: '477a0c44650d12cabe88c8164d958e1e') in 0.050479 seconds 
  Import took 0.054191 seconds .

========================================================================
Received Import Request.
  Time since last request: 0.683811 seconds.
  path: Assets/External Asset/Suriyun/Cute Pet/Texture/Dog_B.png
  artifactKey: Guid(8e4e4b0ec5a94d84189e7023984df89b) Importer(815301076,1909f56bfc062723c751e8b465ee728b)
Start importing Assets/External Asset/Suriyun/Cute Pet/Texture/Dog_B.png using Guid(8e4e4b0ec5a94d84189e7023984df89b) Importer(815301076,1909f56bfc062723c751e8b465ee728b)  -> (artifact id: '049af5173273a1a3f529e273ff97c769') in 0.046435 seconds 
  Import took 0.049127 seconds .

========================================================================
Received Import Request.
  Time since last request: 4.190865 seconds.
  path: Assets/External Asset/Suriyun/Cute Pet/Texture/Deer_A.png
  artifactKey: Guid(9eda1f8bfcc4a2048be1fffa8febb853) Importer(815301076,1909f56bfc062723c751e8b465ee728b)
Start importing Assets/External Asset/Suriyun/Cute Pet/Texture/Deer_A.png using Guid(9eda1f8bfcc4a2048be1fffa8febb853) Importer(815301076,1909f56bfc062723c751e8b465ee728b)  -> (artifact id: '6c3493e6c8df71768fc4cbe86a803ea2') in 0.048601 seconds 
  Import took 0.052371 seconds .

========================================================================
Received Import Request.
  Time since last request: 0.392406 seconds.
  path: Assets/External Asset/Suriyun/Cute Pet/Texture/Cat_B.png
  artifactKey: Guid(70d7eb2ca0455164da5297b90fcf2e8f) Importer(815301076,1909f56bfc062723c751e8b465ee728b)
Start importing Assets/External Asset/Suriyun/Cute Pet/Texture/Cat_B.png using Guid(70d7eb2ca0455164da5297b90fcf2e8f) Importer(815301076,1909f56bfc062723c751e8b465ee728b)  -> (artifact id: 'a6055062e3e07e7f913eb4b4feb03d68') in 0.049550 seconds 
  Import took 0.052815 seconds .

========================================================================
Received Import Request.
  Time since last request: 0.614352 seconds.
  path: Assets/External Asset/Suriyun/Cute Pet/Texture/Cat_A.png
  artifactKey: Guid(768f6f313d5a6734687840ece97dd8de) Importer(815301076,1909f56bfc062723c751e8b465ee728b)
Start importing Assets/External Asset/Suriyun/Cute Pet/Texture/Cat_A.png using Guid(768f6f313d5a6734687840ece97dd8de) Importer(815301076,1909f56bfc062723c751e8b465ee728b)  -> (artifact id: '41223836dc3b59215eeb6b0fe9bb545a') in 0.047315 seconds 
  Import took 0.050882 seconds .

========================================================================
Received Import Request.
  Time since last request: 5.904191 seconds.
  path: Assets/External Asset/Suriyun/Cute Pet/Texture/Bear_B.png
  artifactKey: Guid(14d332d321dead14791b362780dd9105) Importer(815301076,1909f56bfc062723c751e8b465ee728b)
Start importing Assets/External Asset/Suriyun/Cute Pet/Texture/Bear_B.png using Guid(14d332d321dead14791b362780dd9105) Importer(815301076,1909f56bfc062723c751e8b465ee728b)  -> (artifact id: '721f68242c9914644630a3cd98edf097') in 0.047234 seconds 
  Import took 0.050586 seconds .

========================================================================
Received Import Request.
  Time since last request: 0.767781 seconds.
  path: Assets/External Asset/Suriyun/Cute Pet/Texture/Bear_A.png
  artifactKey: Guid(c646985b54016d9479ee165805f9ad07) Importer(815301076,1909f56bfc062723c751e8b465ee728b)
Start importing Assets/External Asset/Suriyun/Cute Pet/Texture/Bear_A.png using Guid(c646985b54016d9479ee165805f9ad07) Importer(815301076,1909f56bfc062723c751e8b465ee728b)  -> (artifact id: '8cddfef6c89aecd1746272467ef7ae4a') in 0.047045 seconds 
  Import took 0.050833 seconds .

========================================================================
Received Import Request.
  Time since last request: 1.736508 seconds.
  path: Assets/External Asset/Suriyun/Cute Pet/Texture/Alpaca_B.png
  artifactKey: Guid(728ecdbf0b1452a4782dc979b704daad) Importer(815301076,1909f56bfc062723c751e8b465ee728b)
Start importing Assets/External Asset/Suriyun/Cute Pet/Texture/Alpaca_B.png using Guid(728ecdbf0b1452a4782dc979b704daad) Importer(815301076,1909f56bfc062723c751e8b465ee728b)  -> (artifact id: '8d43df04fd50772f798391918780cf1b') in 0.049618 seconds 
  Import took 0.052606 seconds .

========================================================================
Received Import Request.
  Time since last request: 0.561764 seconds.
  path: Assets/External Asset/Suriyun/Cute Pet/Texture/Alpaca_A.png
  artifactKey: Guid(f8a6dabac4facb04886b7f12fb9b319c) Importer(815301076,1909f56bfc062723c751e8b465ee728b)
Start importing Assets/External Asset/Suriyun/Cute Pet/Texture/Alpaca_A.png using Guid(f8a6dabac4facb04886b7f12fb9b319c) Importer(815301076,1909f56bfc062723c751e8b465ee728b)  -> (artifact id: '3652b7e7a3818377558cd914eb975247') in 0.047315 seconds 
  Import took 0.050033 seconds .

========================================================================
Received Import Request.
  Time since last request: 42.246337 seconds.
  path: Assets/External Asset/Suriyun/Cute Pet/UI/anim_button1.png
  artifactKey: Guid(51eefa83fcba3224ea26f21c49c5697d) Importer(815301076,1909f56bfc062723c751e8b465ee728b)
Start importing Assets/External Asset/Suriyun/Cute Pet/UI/anim_button1.png using Guid(51eefa83fcba3224ea26f21c49c5697d) Importer(815301076,1909f56bfc062723c751e8b465ee728b)  -> (artifact id: '8ced0cffe69c7562ca1e6100799c5b3d') in 0.017357 seconds 
  Import took 0.020344 seconds .

========================================================================
Received Import Request.
  Time since last request: 0.398286 seconds.
  path: Assets/External Asset/Suriyun/Cute Pet/UI/animation.png
  artifactKey: Guid(a4fe1c80a49dafb40ada403037c4a432) Importer(815301076,1909f56bfc062723c751e8b465ee728b)
Start importing Assets/External Asset/Suriyun/Cute Pet/UI/animation.png using Guid(a4fe1c80a49dafb40ada403037c4a432) Importer(815301076,1909f56bfc062723c751e8b465ee728b)  -> (artifact id: '95a91108fa55748c2142e210ae7f67d8') in 0.009014 seconds 
  Import took 0.011682 seconds .

========================================================================
Received Import Request.
  Time since last request: 0.499984 seconds.
  path: Assets/External Asset/Suriyun/Cute Pet/UI/frame.png
  artifactKey: Guid(46223ba009268c94c935ed31f5c3fae5) Importer(815301076,1909f56bfc062723c751e8b465ee728b)
Start importing Assets/External Asset/Suriyun/Cute Pet/UI/frame.png using Guid(46223ba009268c94c935ed31f5c3fae5) Importer(815301076,1909f56bfc062723c751e8b465ee728b)  -> (artifact id: '4020a5bd5acbc66418575fda2d21ccb0') in 0.013140 seconds 
  Import took 0.016906 seconds .

========================================================================
Received Import Request.
  Time since last request: 41.049003 seconds.
  path: Assets/External Asset/Cartoon_Farm_Crops/Textures/Cartoon_Farm_Crops_Carrot_Fruit_Albedo.png
  artifactKey: Guid(37bcc112bafec624ebd7cf80a902e98e) Importer(815301076,1909f56bfc062723c751e8b465ee728b)
Start importing Assets/External Asset/Cartoon_Farm_Crops/Textures/Cartoon_Farm_Crops_Carrot_Fruit_Albedo.png using Guid(37bcc112bafec624ebd7cf80a902e98e) Importer(815301076,1909f56bfc062723c751e8b465ee728b)  -> (artifact id: 'f64241badcf0d5bee1880d00d30b7c42') in 0.018448 seconds 
  Import took 0.021339 seconds .

========================================================================
Received Import Request.
  Time since last request: 1.096260 seconds.
  path: Assets/External Asset/Cartoon_Farm_Crops/Textures/Cartoon_Farm_Crops_Carrot_Plant_Albedo.png
  artifactKey: Guid(f8f5c18ae32079744ba7b6cd6e40585c) Importer(815301076,1909f56bfc062723c751e8b465ee728b)
Start importing Assets/External Asset/Cartoon_Farm_Crops/Textures/Cartoon_Farm_Crops_Carrot_Plant_Albedo.png using Guid(f8f5c18ae32079744ba7b6cd6e40585c) Importer(815301076,1909f56bfc062723c751e8b465ee728b)  -> (artifact id: 'e6856e6735670a16ebeb85fe36ac505b') in 0.018961 seconds 
  Import took 0.022351 seconds .

========================================================================
Received Import Request.
  Time since last request: 0.341354 seconds.
  path: Assets/External Asset/Cartoon_Farm_Crops/Textures/Cartoon_Farm_Crops_Atlas.png
  artifactKey: Guid(750c26770681cd64c9b06c08cb6288f1) Importer(815301076,1909f56bfc062723c751e8b465ee728b)
Start importing Assets/External Asset/Cartoon_Farm_Crops/Textures/Cartoon_Farm_Crops_Atlas.png using Guid(750c26770681cd64c9b06c08cb6288f1) Importer(815301076,1909f56bfc062723c751e8b465ee728b)  -> (artifact id: 'a41babddbe4d8d2777ee3c3cbde6aab4') in 0.020789 seconds 
  Import took 0.023521 seconds .

========================================================================
Received Import Request.
  Time since last request: 3.889580 seconds.
  path: Assets/External Asset/Cartoon_Farm_Crops/Textures/Cartoon_Farm_Crops_Corn_Fruit_Albedo.png
  artifactKey: Guid(62ac9907684a4fd44955a96cf3281f78) Importer(815301076,1909f56bfc062723c751e8b465ee728b)
Start importing Assets/External Asset/Cartoon_Farm_Crops/Textures/Cartoon_Farm_Crops_Corn_Fruit_Albedo.png using Guid(62ac9907684a4fd44955a96cf3281f78) Importer(815301076,1909f56bfc062723c751e8b465ee728b)  -> (artifact id: '5a1e4c2c362042365951e907523220d1') in 0.015657 seconds 
  Import took 0.018735 seconds .

========================================================================
Received Import Request.
  Time since last request: 4.713175 seconds.
  path: Assets/External Asset/Cartoon_Farm_Crops/Textures/Cartoon_Farm_Crops_Eggplant_Fruit_Albedo.png
  artifactKey: Guid(89277f3b049847d4196a358cd9e09846) Importer(815301076,1909f56bfc062723c751e8b465ee728b)
Start importing Assets/External Asset/Cartoon_Farm_Crops/Textures/Cartoon_Farm_Crops_Eggplant_Fruit_Albedo.png using Guid(89277f3b049847d4196a358cd9e09846) Importer(815301076,1909f56bfc062723c751e8b465ee728b)  -> (artifact id: '6e2ddd6d19b26e90c45cd515793f53d7') in 0.018473 seconds 
  Import took 0.021222 seconds .

========================================================================
Received Import Request.
  Time since last request: 1.340448 seconds.
  path: Assets/External Asset/Cartoon_Farm_Crops/Textures/Cartoon_Farm_Crops_Corn_Plant_Albedo.png
  artifactKey: Guid(5e330321bb91b424996cc8a57f290ebe) Importer(815301076,1909f56bfc062723c751e8b465ee728b)
Start importing Assets/External Asset/Cartoon_Farm_Crops/Textures/Cartoon_Farm_Crops_Corn_Plant_Albedo.png using Guid(5e330321bb91b424996cc8a57f290ebe) Importer(815301076,1909f56bfc062723c751e8b465ee728b)  -> (artifact id: 'af3c6b162bfdb1d3ad5432e081523c72') in 0.020469 seconds 
  Import took 0.024775 seconds .

========================================================================
Received Import Request.
  Time since last request: 166.055817 seconds.
  path: Assets/External Asset/Cartoon_Farm_Crops/README.txt
  artifactKey: Guid(1393884f16250614c934f678a16f4870) Importer(815301076,1909f56bfc062723c751e8b465ee728b)
Start importing Assets/External Asset/Cartoon_Farm_Crops/README.txt using Guid(1393884f16250614c934f678a16f4870) Importer(815301076,1909f56bfc062723c751e8b465ee728b)  -> (artifact id: '3c22e65b910a7e70d22f13b17732a2bd') in 0.009614 seconds 
  Import took 0.012727 seconds .

========================================================================
Received Import Request.
  Time since last request: 111.359019 seconds.
  path: Assets/External Asset/Cartoon_Farm_Crops/Textures/Cartoon_Farm_Crops_Tomato_Fruit_Albedo.png
  artifactKey: Guid(024dbba493f6a1941a374b583be3e0e3) Importer(815301076,1909f56bfc062723c751e8b465ee728b)
Start importing Assets/External Asset/Cartoon_Farm_Crops/Textures/Cartoon_Farm_Crops_Tomato_Fruit_Albedo.png using Guid(024dbba493f6a1941a374b583be3e0e3) Importer(815301076,1909f56bfc062723c751e8b465ee728b)  -> (artifact id: 'eb5259758be27125d15e46f1111c558f') in 0.018429 seconds 
  Import took 0.022191 seconds .

========================================================================
Received Import Request.
  Time since last request: 15.258469 seconds.
  path: Assets/External Asset/Cartoon_Farm_Crops/Meshes/Cartoon_Farm_Crops.fbx
  artifactKey: Guid(b69b26c8b73b8bd49bf243bbe541a2e0) Importer(815301076,1909f56bfc062723c751e8b465ee728b)
Start importing Assets/External Asset/Cartoon_Farm_Crops/Meshes/Cartoon_Farm_Crops.fbx using Guid(b69b26c8b73b8bd49bf243bbe541a2e0) Importer(815301076,1909f56bfc062723c751e8b465ee728b)  -> (artifact id: '08167e2fc7caceb78b87753fe02c8f57') in 0.101044 seconds 
  Import took 0.104262 seconds .

========================================================================
Received Import Request.
  Time since last request: 32.363649 seconds.
  path: Assets/External Asset/Cartoon_Farm_Crops/Prefabs/Standard
  artifactKey: Guid(0f43114e13e8f10469e2aa034cbd874b) Importer(815301076,1909f56bfc062723c751e8b465ee728b)
Start importing Assets/External Asset/Cartoon_Farm_Crops/Prefabs/Standard using Guid(0f43114e13e8f10469e2aa034cbd874b) Importer(815301076,1909f56bfc062723c751e8b465ee728b)  -> (artifact id: 'ad44a31d0b588d85f95e847e663dc0f4') in 0.003167 seconds 
  Import took 0.006325 seconds .

========================================================================
Received Import Request.
  Time since last request: 2.231699 seconds.
  path: Assets/External Asset/Cartoon_Farm_Crops/Prefabs/Standard/Carrot_Fruit.prefab
  artifactKey: Guid(2cf13a738fc434c46bda5ebf7ca44756) Importer(815301076,1909f56bfc062723c751e8b465ee728b)
Start importing Assets/External Asset/Cartoon_Farm_Crops/Prefabs/Standard/Carrot_Fruit.prefab using Guid(2cf13a738fc434c46bda5ebf7ca44756) Importer(815301076,1909f56bfc062723c751e8b465ee728b)  -> (artifact id: '23184f557098d4d2fc7b3003287d693e') in 0.030933 seconds 
  Import took 0.034650 seconds .

========================================================================
Received Import Request.
  Time since last request: 0.941932 seconds.
  path: Assets/External Asset/Cartoon_Farm_Crops/Prefabs/Standard/Carrot_Plant.prefab
  artifactKey: Guid(56b36da289d9a9e4cb37c5f588e23748) Importer(815301076,1909f56bfc062723c751e8b465ee728b)
Start importing Assets/External Asset/Cartoon_Farm_Crops/Prefabs/Standard/Carrot_Plant.prefab using Guid(56b36da289d9a9e4cb37c5f588e23748) Importer(815301076,1909f56bfc062723c751e8b465ee728b)  -> (artifact id: 'f26075b6e79bf6ddc8893910b6da5ff9') in 0.010905 seconds 
  Import took 0.014692 seconds .

========================================================================
Received Import Request.
  Time since last request: 49.881930 seconds.
  path: Assets/Sprite/battleMark.png
  artifactKey: Guid(a63e31483054b6e45bd1d830b6061a75) Importer(815301076,1909f56bfc062723c751e8b465ee728b)
Start importing Assets/Sprite/battleMark.png using Guid(a63e31483054b6e45bd1d830b6061a75) Importer(815301076,1909f56bfc062723c751e8b465ee728b)  -> (artifact id: 'eb22a353e140393115565c92529c1cb5') in 0.016871 seconds 
  Import took 0.021935 seconds .

========================================================================
Received Import Request.
  Time since last request: 1.115220 seconds.
  path: Assets/Sprite/bluebutton.png
  artifactKey: Guid(3bc75b6ceed505343a38fe08861d2601) Importer(815301076,1909f56bfc062723c751e8b465ee728b)
Start importing Assets/Sprite/bluebutton.png using Guid(3bc75b6ceed505343a38fe08861d2601) Importer(815301076,1909f56bfc062723c751e8b465ee728b)  -> (artifact id: 'bc55679b7f15e3f7f86bbed2a3431b5f') in 0.019273 seconds 
  Import took 0.025737 seconds .

========================================================================
Received Import Request.
  Time since last request: 0.456103 seconds.
  path: Assets/Sprite/brownbutton.png
  artifactKey: Guid(670351a9f5564cf48ad699d7b33667ca) Importer(815301076,1909f56bfc062723c751e8b465ee728b)
Start importing Assets/Sprite/brownbutton.png using Guid(670351a9f5564cf48ad699d7b33667ca) Importer(815301076,1909f56bfc062723c751e8b465ee728b)  -> (artifact id: '5d3df8ec338c5b4f6ca98e2ba296775d') in 0.018415 seconds 
  Import took 0.023629 seconds .

========================================================================
Received Import Request.
  Time since last request: 0.407088 seconds.
  path: Assets/Sprite/card_one.png
  artifactKey: Guid(de4e914e57e2c15468ac5a3df7f34ad0) Importer(815301076,1909f56bfc062723c751e8b465ee728b)
Start importing Assets/Sprite/card_one.png using Guid(de4e914e57e2c15468ac5a3df7f34ad0) Importer(815301076,1909f56bfc062723c751e8b465ee728b)  -> (artifact id: 'ea7236c936f029209fae0ac408c03cfe') in 0.020181 seconds 
  Import took 0.026325 seconds .

========================================================================
Received Import Request.
  Time since last request: 0.368234 seconds.
  path: Assets/Sprite/card_several.png
  artifactKey: Guid(b7ff85b6ebe453346b3e36d2f17879c2) Importer(815301076,1909f56bfc062723c751e8b465ee728b)
Start importing Assets/Sprite/card_several.png using Guid(b7ff85b6ebe453346b3e36d2f17879c2) Importer(815301076,1909f56bfc062723c751e8b465ee728b)  -> (artifact id: 'ac76d9e72f4fd3286df67a9b0d4bd074') in 0.019333 seconds 
  Import took 0.024625 seconds .

========================================================================
Received Import Request.
  Time since last request: 1.416159 seconds.
  path: Assets/Sprite/card_ten.png
  artifactKey: Guid(7efabb8bc7666ae42a8d84d579d83d81) Importer(815301076,1909f56bfc062723c751e8b465ee728b)
Start importing Assets/Sprite/card_ten.png using Guid(7efabb8bc7666ae42a8d84d579d83d81) Importer(815301076,1909f56bfc062723c751e8b465ee728b)  -> (artifact id: '9191a99e4d3164bc9aa00856a30c4b01') in 0.017636 seconds 
  Import took 0.023847 seconds .

========================================================================
Received Import Request.
  Time since last request: 0.446305 seconds.
  path: Assets/Sprite/card_ui.png
  artifactKey: Guid(f71a4e5204d429d4ab02619d4f155588) Importer(815301076,1909f56bfc062723c751e8b465ee728b)
Start importing Assets/Sprite/card_ui.png using Guid(f71a4e5204d429d4ab02619d4f155588) Importer(815301076,1909f56bfc062723c751e8b465ee728b)  -> (artifact id: '9b362110490036cc93b2c8879072ad72') in 0.017265 seconds 
  Import took 0.022138 seconds .

========================================================================
Received Import Request.
  Time since last request: 6.083912 seconds.
  path: Assets/Sprite/cost.png
  artifactKey: Guid(693985b11877c9540add41f4d4fe3168) Importer(815301076,1909f56bfc062723c751e8b465ee728b)
Start importing Assets/Sprite/cost.png using Guid(693985b11877c9540add41f4d4fe3168) Importer(815301076,1909f56bfc062723c751e8b465ee728b)  -> (artifact id: '6d8da2e1eb9a8879c1c8b60636540b64') in 0.016792 seconds 
  Import took 0.021679 seconds .

========================================================================
Received Import Request.
  Time since last request: 6.129987 seconds.
  path: Assets/Sprite/farmer.png
  artifactKey: Guid(489af7f3939b5d34296fbde32523cf5a) Importer(815301076,1909f56bfc062723c751e8b465ee728b)
Start importing Assets/Sprite/farmer.png using Guid(489af7f3939b5d34296fbde32523cf5a) Importer(815301076,1909f56bfc062723c751e8b465ee728b)  -> (artifact id: '582b06a7ec9ac53d31355dba9bd6981b') in 0.022239 seconds 
  Import took 0.026809 seconds .

========================================================================
Received Import Request.
  Time since last request: 0.530548 seconds.
  path: Assets/Sprite/go_battle.png
  artifactKey: Guid(62929174527d8374cbf4f082c3cb4b7b) Importer(815301076,1909f56bfc062723c751e8b465ee728b)
Start importing Assets/Sprite/go_battle.png using Guid(62929174527d8374cbf4f082c3cb4b7b) Importer(815301076,1909f56bfc062723c751e8b465ee728b)  -> (artifact id: 'd44af1eb0261846853e85c2f88691706') in 0.022111 seconds 
  Import took 0.028093 seconds .

========================================================================
Received Import Request.
  Time since last request: 1.410499 seconds.
  path: Assets/Sprite/Icon.png
  artifactKey: Guid(e9a4ba75fd5965a4abb8555e4c3d4c58) Importer(815301076,1909f56bfc062723c751e8b465ee728b)
Start importing Assets/Sprite/Icon.png using Guid(e9a4ba75fd5965a4abb8555e4c3d4c58) Importer(815301076,1909f56bfc062723c751e8b465ee728b)  -> (artifact id: 'bd2a84db979cde0dfc75906f3e1a8ccd') in 0.012169 seconds 
  Import took 0.016599 seconds .

========================================================================
Received Import Request.
  Time since last request: 0.295301 seconds.
  path: Assets/Sprite/namespce.png
  artifactKey: Guid(78b26d4baf4454d41a8043b12dd6401a) Importer(815301076,1909f56bfc062723c751e8b465ee728b)
Start importing Assets/Sprite/namespce.png using Guid(78b26d4baf4454d41a8043b12dd6401a) Importer(815301076,1909f56bfc062723c751e8b465ee728b)  -> (artifact id: 'a20aa533ab03e42ac35fe706ac46ccb5') in 0.018248 seconds 
  Import took 0.023475 seconds .

========================================================================
Received Import Request.
  Time since last request: 0.373161 seconds.
  path: Assets/Sprite/nothing.png
  artifactKey: Guid(405baf35154c03b4d9f89608be1afeff) Importer(815301076,1909f56bfc062723c751e8b465ee728b)
Start importing Assets/Sprite/nothing.png using Guid(405baf35154c03b4d9f89608be1afeff) Importer(815301076,1909f56bfc062723c751e8b465ee728b)  -> (artifact id: 'f6ed183ef2e0e1409c971d16f81240b8') in 0.019460 seconds 
  Import took 0.024630 seconds .

========================================================================
Received Import Request.
  Time since last request: 0.355656 seconds.
  path: Assets/Sprite/PetFarm.png
  artifactKey: Guid(381d2a5f61ed08b4f9c33a9bea0217a2) Importer(815301076,1909f56bfc062723c751e8b465ee728b)
Start importing Assets/Sprite/PetFarm.png using Guid(381d2a5f61ed08b4f9c33a9bea0217a2) Importer(815301076,1909f56bfc062723c751e8b465ee728b)  -> (artifact id: '64d7489d58c4517ced274ef06870bb29') in 0.019717 seconds 
  Import took 0.025598 seconds .

========================================================================
Received Import Request.
  Time since last request: 0.365409 seconds.
  path: Assets/Sprite/portrait_goat.png
  artifactKey: Guid(61eb883a482db4f44b18911c7a0bd0d7) Importer(815301076,1909f56bfc062723c751e8b465ee728b)
Start importing Assets/Sprite/portrait_goat.png using Guid(61eb883a482db4f44b18911c7a0bd0d7) Importer(815301076,1909f56bfc062723c751e8b465ee728b)  -> (artifact id: 'bfdec5a8f375eaaeaddbc4287a642611') in 0.019622 seconds 
  Import took 0.025269 seconds .

========================================================================
Received Import Request.
  Time since last request: 0.400680 seconds.
  path: Assets/Sprite/portrait_pig.png
  artifactKey: Guid(2ef2e85026b8ea64ca630b7bc9e8d9ce) Importer(815301076,1909f56bfc062723c751e8b465ee728b)
Start importing Assets/Sprite/portrait_pig.png using Guid(2ef2e85026b8ea64ca630b7bc9e8d9ce) Importer(815301076,1909f56bfc062723c751e8b465ee728b)  -> (artifact id: '6d7d66d2081b17966482f64d11585c6a') in 0.021241 seconds 
  Import took 0.026406 seconds .

========================================================================
Received Import Request.
  Time since last request: 0.368694 seconds.
  path: Assets/Sprite/redbutton.png
  artifactKey: Guid(48224f35066646c4580e789cb425f3c5) Importer(815301076,1909f56bfc062723c751e8b465ee728b)
Start importing Assets/Sprite/redbutton.png using Guid(48224f35066646c4580e789cb425f3c5) Importer(815301076,1909f56bfc062723c751e8b465ee728b)  -> (artifact id: '10f9210f5b4a51aa6a9fc221a6b69afd') in 0.016439 seconds 
  Import took 0.023026 seconds .

========================================================================
Received Import Request.
  Time since last request: 0.370451 seconds.
  path: Assets/Sprite/scroll_bar 1.png
  artifactKey: Guid(a19367ae7ca154642a9e1e5f1a54a748) Importer(815301076,1909f56bfc062723c751e8b465ee728b)
Start importing Assets/Sprite/scroll_bar 1.png using Guid(a19367ae7ca154642a9e1e5f1a54a748) Importer(815301076,1909f56bfc062723c751e8b465ee728b)  -> (artifact id: '28ca727f0eaaac5a836fd2da96fe1b4d') in 0.016152 seconds 
  Import took 0.022517 seconds .

========================================================================
Received Import Request.
  Time since last request: 0.652652 seconds.
  path: Assets/Sprite/Stage1.png
  artifactKey: Guid(2670a8001c521aa4a9ea56610ec63ccd) Importer(815301076,1909f56bfc062723c751e8b465ee728b)
Start importing Assets/Sprite/Stage1.png using Guid(2670a8001c521aa4a9ea56610ec63ccd) Importer(815301076,1909f56bfc062723c751e8b465ee728b)  -> (artifact id: '41a28aa7c52581ca2eeb081a9e4ea723') in 0.023748 seconds 
  Import took 0.030180 seconds .

========================================================================
Received Import Request.
  Time since last request: 3.755406 seconds.
  path: Assets/Sprite/stagebutton.png
  artifactKey: Guid(ad70a9e403e8766478ba39d8db9437f7) Importer(815301076,1909f56bfc062723c751e8b465ee728b)
Start importing Assets/Sprite/stagebutton.png using Guid(ad70a9e403e8766478ba39d8db9437f7) Importer(815301076,1909f56bfc062723c751e8b465ee728b)  -> (artifact id: 'b5203bdf040d7e3575002353a62b9ac0') in 0.019138 seconds 
  Import took 0.025026 seconds .

========================================================================
Received Import Request.
  Time since last request: 0.923605 seconds.
  path: Assets/Sprite/start_screen.png
  artifactKey: Guid(7c0c388dea4e0b74ca4eee462f00e77d) Importer(815301076,1909f56bfc062723c751e8b465ee728b)
Start importing Assets/Sprite/start_screen.png using Guid(7c0c388dea4e0b74ca4eee462f00e77d) Importer(815301076,1909f56bfc062723c751e8b465ee728b)  -> (artifact id: '9d9b6b444b6d0e076fe30faaae4919df') in 0.022007 seconds 
  Import took 0.027050 seconds .

========================================================================
Received Import Request.
  Time since last request: 0.547832 seconds.
  path: Assets/Sprite/store_effect.png
  artifactKey: Guid(ab2808e826a3b7241bdb5c849fa995c9) Importer(815301076,1909f56bfc062723c751e8b465ee728b)
Start importing Assets/Sprite/store_effect.png using Guid(ab2808e826a3b7241bdb5c849fa995c9) Importer(815301076,1909f56bfc062723c751e8b465ee728b)  -> (artifact id: 'aa7dd39d3e3781ee8c153e9aeebffcb1') in 0.020047 seconds 
  Import took 0.026627 seconds .

========================================================================
Received Import Request.
  Time since last request: 2.864074 seconds.
  path: Assets/Sprite/talk_balloon.png
  artifactKey: Guid(9ba0de4418b9528408fb23d6469046ae) Importer(815301076,1909f56bfc062723c751e8b465ee728b)
Start importing Assets/Sprite/talk_balloon.png using Guid(9ba0de4418b9528408fb23d6469046ae) Importer(815301076,1909f56bfc062723c751e8b465ee728b)  -> (artifact id: 'c481f00981864de197860f62865c9c1c') in 0.018237 seconds 
  Import took 0.024327 seconds .

========================================================================
Received Import Request.
  Time since last request: 2.155072 seconds.
  path: Assets/Sprite/text_ui_1.png
  artifactKey: Guid(54b6478a28d98c54abb177f0fdcf9075) Importer(815301076,1909f56bfc062723c751e8b465ee728b)
Start importing Assets/Sprite/text_ui_1.png using Guid(54b6478a28d98c54abb177f0fdcf9075) Importer(815301076,1909f56bfc062723c751e8b465ee728b)  -> (artifact id: '2e170a605e88c871d3df47db2589616d') in 0.022781 seconds 
  Import took 0.028200 seconds .

========================================================================
Received Import Request.
  Time since last request: 0.971179 seconds.
  path: Assets/Sprite/titleBar.png
  artifactKey: Guid(2cd67b76c118d3f48a4e05e228823bbf) Importer(815301076,1909f56bfc062723c751e8b465ee728b)
Start importing Assets/Sprite/titleBar.png using Guid(2cd67b76c118d3f48a4e05e228823bbf) Importer(815301076,1909f56bfc062723c751e8b465ee728b)  -> (artifact id: '3d5716b5ebeff4167380b4235c9fd51c') in 0.016346 seconds 
  Import took 0.022642 seconds .

========================================================================
Received Import Request.
  Time since last request: 1.753636 seconds.
  path: Assets/Sprite/ui_card.png
  artifactKey: Guid(537b7799575a45c469ae9e0a1c714dba) Importer(815301076,1909f56bfc062723c751e8b465ee728b)
Start importing Assets/Sprite/ui_card.png using Guid(537b7799575a45c469ae9e0a1c714dba) Importer(815301076,1909f56bfc062723c751e8b465ee728b)  -> (artifact id: 'c89e410f94367056e3c6fd083a7d9886') in 0.020824 seconds 
  Import took 0.026460 seconds .

========================================================================
Received Import Request.
  Time since last request: 0.631752 seconds.
  path: Assets/Sprite/ui_golds.png
  artifactKey: Guid(e6f2ceeb634e48d47a9a73d8abe79859) Importer(815301076,1909f56bfc062723c751e8b465ee728b)
Start importing Assets/Sprite/ui_golds.png using Guid(e6f2ceeb634e48d47a9a73d8abe79859) Importer(815301076,1909f56bfc062723c751e8b465ee728b)  -> (artifact id: '23f5eed8447346383fffe3d3c9b4fa33') in 0.017062 seconds 
  Import took 0.022281 seconds .

========================================================================
Received Import Request.
  Time since last request: 0.344986 seconds.
  path: Assets/Sprite/ui_inStage.png
  artifactKey: Guid(7b35fbf22bff99f49ba61315cd210d3d) Importer(815301076,1909f56bfc062723c751e8b465ee728b)
Start importing Assets/Sprite/ui_inStage.png using Guid(7b35fbf22bff99f49ba61315cd210d3d) Importer(815301076,1909f56bfc062723c751e8b465ee728b)  -> (artifact id: '7a57bda44939f9cd75e2d78132154b49') in 0.020931 seconds 
  Import took 0.026989 seconds .

========================================================================
Received Import Request.
  Time since last request: 4.424653 seconds.
  path: Assets/Sprite/ui_quest.png
  artifactKey: Guid(377a102cf357898438933b451601237b) Importer(815301076,1909f56bfc062723c751e8b465ee728b)
Start importing Assets/Sprite/ui_quest.png using Guid(377a102cf357898438933b451601237b) Importer(815301076,1909f56bfc062723c751e8b465ee728b)  -> (artifact id: 'c4b9fb3c9957f2aaa453b6e3b0d2322f') in 0.019297 seconds 
  Import took 0.023979 seconds .

========================================================================
Received Import Request.
  Time since last request: 0.562993 seconds.
  path: Assets/Sprite/User Interface.png
  artifactKey: Guid(a258addcd7ad42e41a77122716982231) Importer(815301076,1909f56bfc062723c751e8b465ee728b)
Start importing Assets/Sprite/User Interface.png using Guid(a258addcd7ad42e41a77122716982231) Importer(815301076,1909f56bfc062723c751e8b465ee728b)  -> (artifact id: 'fb3506bae741c192486628a5e22ffe5d') in 0.056062 seconds 
  Import took 0.062006 seconds .

========================================================================
Received Import Request.
  Time since last request: 2.373228 seconds.
  path: Assets/Sprite/yellowbutton.png
  artifactKey: Guid(bb2712bd0f4597b48802ac4deb4e2940) Importer(815301076,1909f56bfc062723c751e8b465ee728b)
Start importing Assets/Sprite/yellowbutton.png using Guid(bb2712bd0f4597b48802ac4deb4e2940) Importer(815301076,1909f56bfc062723c751e8b465ee728b)  -> (artifact id: 'e690dfc728f96d51327d3239bbb13140') in 0.015484 seconds 
  Import took 0.020335 seconds .

========================================================================
Received Prepare
Registering precompiled user dll's ...
Registered in 0.007449 seconds.
Begin MonoManager ReloadAssembly
Native extension for WindowsStandalone target not found
Refreshing native plugins compatible for Editor in 0.86 ms, found 2 plugins.
Preloading 0 native plugins for Editor in 0.00 ms.
Mono: successfully reloaded assembly
- Completed reload, in  1.654 seconds
Domain Reload Profiling:
	ReloadAssembly (1655ms)
		BeginReloadAssembly (188ms)
			ExecutionOrderSort (0ms)
			DisableScriptedObjects (6ms)
			BackupInstance (0ms)
			ReleaseScriptingObjects (0ms)
			CreateAndSetChildDomain (54ms)
		EndReloadAssembly (1360ms)
			LoadAssemblies (153ms)
			RebuildTransferFunctionScriptingTraits (0ms)
			SetupTypeCache (454ms)
			ReleaseScriptCaches (1ms)
			RebuildScriptCaches (86ms)
			SetupLoadedEditorAssemblies (530ms)
				LogAssemblyErrors (0ms)
				InitializePlatformSupportModulesInManaged (7ms)
				SetLoadedEditorAssemblies (1ms)
				RefreshPlugins (1ms)
				BeforeProcessingInitializeOnLoad (136ms)
				ProcessInitializeOnLoadAttributes (355ms)
				ProcessInitializeOnLoadMethodAttributes (14ms)
				AfterProcessingInitializeOnLoad (14ms)
				EditorAssembliesLoaded (1ms)
			ExecutionOrderSort2 (0ms)
			AwakeInstancesAfterBackupRestoration (10ms)
Platform modules already initialized, skipping
Refreshing native plugins compatible for Editor in 1.01 ms, found 2 plugins.
Preloading 0 native plugins for Editor in 0.00 ms.
Unloading 1737 Unused Serialized files (Serialized files now loaded: 0)
System memory in use before: 89.2 MB.
System memory in use after: 89.3 MB.

Unloading 16 unused Assets to reduce memory usage. Loaded Objects now: 2314.
Total: 4.148800 ms (FindLiveObjects: 0.338900 ms CreateObjectMapping: 0.067800 ms MarkObjects: 3.694800 ms  DeleteObjects: 0.045800 ms)

AssetImportParameters requested are different than current active one (requested -> active):
  custom:framework-win-MediaFoundation: 216162199b28c13a410421893ffa2e32 -> 
  custom:video-decoder-ogg-theora: a1e56fd34408186e4bbccfd4996cb3dc -> 
  custom:container-muxer-webm: aa71ff27fc2769a1b78a27578f13a17b -> 
  custom:container-demuxer-webm: 4f35f7cbe854078d1ac9338744f61a02 -> 
  custom:container-demuxer-ogg: 62fdf1f143b41e24485cea50d1cbac27 -> 
  custom:video-encoder-webm-vp8: eb34c28f22e8b96e1ab97ce403110664 -> 
  custom:video-decoder-webm-vp8: 9c59270c3fd7afecdb556c50c9e8de78 -> 
  custom:audio-decoder-ogg-vorbis: bf7c407c2cedff20999df2af8eb42d56 -> 
  custom:audio-encoder-webm-vorbis: bf7c407c2cedff20999df2af8eb42d56 -> 
========================================================================
Received Prepare
Refreshing native plugins compatible for Editor in 6.66 ms, found 2 plugins.
Preloading 0 native plugins for Editor in 0.00 ms.
Unloading 12 Unused Serialized files (Serialized files now loaded: 0)
System memory in use before: 54.5 MB.
System memory in use after: 54.6 MB.

Unloading 12 unused Assets to reduce memory usage. Loaded Objects now: 2314.
Total: 4.662600 ms (FindLiveObjects: 0.346000 ms CreateObjectMapping: 0.075100 ms MarkObjects: 4.215400 ms  DeleteObjects: 0.024600 ms)

AssetImportParameters requested are different than current active one (requested -> active):
  custom:framework-win-MediaFoundation: 216162199b28c13a410421893ffa2e32 -> 
  custom:video-decoder-ogg-theora: a1e56fd34408186e4bbccfd4996cb3dc -> 
  custom:container-muxer-webm: aa71ff27fc2769a1b78a27578f13a17b -> 
  custom:container-demuxer-webm: 4f35f7cbe854078d1ac9338744f61a02 -> 
  custom:container-demuxer-ogg: 62fdf1f143b41e24485cea50d1cbac27 -> 
  custom:video-encoder-webm-vp8: eb34c28f22e8b96e1ab97ce403110664 -> 
  custom:video-decoder-webm-vp8: 9c59270c3fd7afecdb556c50c9e8de78 -> 
  custom:audio-decoder-ogg-vorbis: bf7c407c2cedff20999df2af8eb42d56 -> 
  custom:audio-encoder-webm-vorbis: bf7c407c2cedff20999df2af8eb42d56 -> 
========================================================================
Received Prepare
Registering precompiled user dll's ...
Registered in 0.007547 seconds.
Begin MonoManager ReloadAssembly
Native extension for WindowsStandalone target not found
Refreshing native plugins compatible for Editor in 0.83 ms, found 2 plugins.
Preloading 0 native plugins for Editor in 0.00 ms.
Mono: successfully reloaded assembly
- Completed reload, in  1.736 seconds
Domain Reload Profiling:
	ReloadAssembly (1736ms)
		BeginReloadAssembly (196ms)
			ExecutionOrderSort (0ms)
			DisableScriptedObjects (7ms)
			BackupInstance (0ms)
			ReleaseScriptingObjects (0ms)
			CreateAndSetChildDomain (61ms)
		EndReloadAssembly (1422ms)
			LoadAssemblies (169ms)
			RebuildTransferFunctionScriptingTraits (0ms)
			SetupTypeCache (488ms)
			ReleaseScriptCaches (1ms)
			RebuildScriptCaches (89ms)
			SetupLoadedEditorAssemblies (515ms)
				LogAssemblyErrors (0ms)
				InitializePlatformSupportModulesInManaged (6ms)
				SetLoadedEditorAssemblies (1ms)
				RefreshPlugins (1ms)
				BeforeProcessingInitializeOnLoad (134ms)
				ProcessInitializeOnLoadAttributes (345ms)
				ProcessInitializeOnLoadMethodAttributes (15ms)
				AfterProcessingInitializeOnLoad (12ms)
				EditorAssembliesLoaded (1ms)
			ExecutionOrderSort2 (0ms)
			AwakeInstancesAfterBackupRestoration (11ms)
Platform modules already initialized, skipping
Switching build target platform(19) subTarget(0) extendedPlatform(0) -> platform(13) subTarget(537395200) extendedPlatform(0)
Refreshing native plugins compatible for Editor in 0.94 ms, found 2 plugins.
Preloading 0 native plugins for Editor in 0.00 ms.
Unloading 1741 Unused Serialized files (Serialized files now loaded: 0)
System memory in use before: 88.4 MB.
System memory in use after: 88.5 MB.

Unloading 15 unused Assets to reduce memory usage. Loaded Objects now: 2316.
Total: 4.903400 ms (FindLiveObjects: 0.330200 ms CreateObjectMapping: 0.073900 ms MarkObjects: 4.468600 ms  DeleteObjects: 0.028400 ms)

AssetImportParameters requested are different than current active one (requested -> active):
  custom:framework-win-MediaFoundation: 216162199b28c13a410421893ffa2e32 -> 
  custom:video-decoder-ogg-theora: a1e56fd34408186e4bbccfd4996cb3dc -> 
  custom:container-muxer-webm: aa71ff27fc2769a1b78a27578f13a17b -> 
  custom:container-demuxer-webm: 4f35f7cbe854078d1ac9338744f61a02 -> 
  custom:container-demuxer-ogg: 62fdf1f143b41e24485cea50d1cbac27 -> 
  custom:video-encoder-webm-vp8: eb34c28f22e8b96e1ab97ce403110664 -> 
  custom:video-decoder-webm-vp8: 9c59270c3fd7afecdb556c50c9e8de78 -> 
  custom:graphics/normal-map-encoding: 01000000000000000000000000000000 -> 02000000000000000000000000000000
  custom:audio-decoder-ogg-vorbis: bf7c407c2cedff20999df2af8eb42d56 -> 
  custom:audio-encoder-webm-vorbis: bf7c407c2cedff20999df2af8eb42d56 -> 
========================================================================
Received Prepare
Refreshing native plugins compatible for Editor in 5.49 ms, found 2 plugins.
Preloading 0 native plugins for Editor in 0.00 ms.
Unloading 12 Unused Serialized files (Serialized files now loaded: 0)
System memory in use before: 54.0 MB.
System memory in use after: 54.1 MB.

Unloading 12 unused Assets to reduce memory usage. Loaded Objects now: 2316.
Total: 5.387100 ms (FindLiveObjects: 0.363300 ms CreateObjectMapping: 0.073300 ms MarkObjects: 4.921000 ms  DeleteObjects: 0.028100 ms)

AssetImportParameters requested are different than current active one (requested -> active):
  custom:framework-win-MediaFoundation: 216162199b28c13a410421893ffa2e32 -> 
  custom:video-decoder-ogg-theora: a1e56fd34408186e4bbccfd4996cb3dc -> 
  custom:container-muxer-webm: aa71ff27fc2769a1b78a27578f13a17b -> 
  custom:container-demuxer-webm: 4f35f7cbe854078d1ac9338744f61a02 -> 
  custom:container-demuxer-ogg: 62fdf1f143b41e24485cea50d1cbac27 -> 
  custom:video-encoder-webm-vp8: eb34c28f22e8b96e1ab97ce403110664 -> 
  custom:video-decoder-webm-vp8: 9c59270c3fd7afecdb556c50c9e8de78 -> 
  custom:audio-decoder-ogg-vorbis: bf7c407c2cedff20999df2af8eb42d56 -> 
  custom:audio-encoder-webm-vorbis: bf7c407c2cedff20999df2af8eb42d56 -> 
AssetImportWorkerClient::OnTransportError - code=2 error=End of file
